Installed Packages
NetworkManager.x86_64               1:1.32.10-4.el8                          @BaseOS         
NetworkManager-libnm.x86_64         1:1.32.10-4.el8                          @BaseOS         
NetworkManager-team.x86_64          1:1.32.10-4.el8                          @BaseOS         
NetworkManager-tui.x86_64           1:1.32.10-4.el8                          @BaseOS         
PackageKit.x86_64                   1.1.12-6.el8                             @AppStream      
PackageKit-glib.x86_64              1.1.12-6.el8                             @AppStream      
abattis-cantarell-fonts.noarch      0.0.25-6.el8                             @AppStream      
acl.x86_64                          2.2.53-1.el8                             @anaconda       
ansible.noarch                      2.9.27-1.el8                             @epel           
apr.x86_64                          1.6.3-12.el8                             @appstream      
apr-util.x86_64                     1.6.1-6.el8                              @appstream      
apr-util-bdb.x86_64                 1.6.1-6.el8                              @appstream      
apr-util-openssl.x86_64             1.6.1-6.el8                              @appstream      
audit.x86_64                        3.0-0.17.20191104git1c2f876.el8          @anaconda       
audit-libs.x86_64                   3.0-0.17.20191104git1c2f876.el8          @anaconda       
authselect.x86_64                   1.2.2-3.el8                              @BaseOS         
authselect-compat.x86_64            1.2.2-3.el8                              @AppStream      
authselect-libs.x86_64              1.2.2-3.el8                              @BaseOS         
basesystem.noarch                   11-5.el8                                 @anaconda       
bash.x86_64                         4.4.20-2.el8                             @BaseOS         
bind-export-libs.x86_64             32:9.11.26-6.el8                         @BaseOS         
brotli.x86_64                       1.0.6-3.el8                              @BaseOS         
bzip2.x86_64                        1.0.6-26.el8                             @BaseOS         
bzip2-libs.x86_64                   1.0.6-26.el8                             @anaconda       
c-ares.x86_64                       1.13.0-5.el8                             @anaconda       
ca-certificates.noarch              2021.2.50-80.0.el8_4                     @BaseOS         
cairo.x86_64                        1.15.12-3.el8                            @koji-override-1
cairo-gobject.x86_64                1.15.12-3.el8                            @koji-override-1
centos-gpg-keys.noarch              1:8-3.el8                                @BaseOS         
centos-linux-release.noarch         8.5-1.2111.el8                           @BaseOS         
centos-linux-repos.noarch           8-3.el8                                  @BaseOS         
centos-logos.x86_64                 85.8-2.el8                               @BaseOS         
centos-logos-httpd.noarch           85.8-2.el8                               @baseos         
checkpolicy.x86_64                  2.9-1.el8                                @anaconda       
chkconfig.x86_64                    1.19.1-1.el8                             @BaseOS         
chrony.x86_64                       4.1-1.el8                                @BaseOS         
cloud-init.noarch                   21.1-7.el8                               @AppStream      
cloud-utils-growpart.noarch         0.31-3.el8                               @AppStream      
cockpit-bridge.x86_64               251.1-1.el8                              @BaseOS         
cockpit-system.noarch               251.1-1.el8                              @BaseOS         
cockpit-ws.x86_64                   251.1-1.el8                              @BaseOS         
coreutils.x86_64                    8.30-12.el8                              @BaseOS         
coreutils-common.x86_64             8.30-12.el8                              @BaseOS         
cpio.x86_64                         2.12-10.el8                              @BaseOS         
cracklib.x86_64                     2.9.6-15.el8                             @anaconda       
cracklib-dicts.x86_64               2.9.6-15.el8                             @anaconda       
cronie.x86_64                       1.5.2-4.el8                              @anaconda       
cronie-anacron.x86_64               1.5.2-4.el8                              @anaconda       
crontabs.noarch                     1.11-17.20190603git.el8                  @BaseOS         
crypto-policies.noarch              20210617-1.gitc776d3e.el8                @BaseOS         
crypto-policies-scripts.noarch      20210617-1.gitc776d3e.el8                @BaseOS         
cryptsetup-libs.x86_64              2.3.3-4.el8                              @BaseOS         
curl.x86_64                         7.61.1-22.el8                            @BaseOS         
cyrus-sasl-lib.x86_64               2.1.27-5.el8                             @BaseOS         
dbus.x86_64                         1:1.12.8-14.el8                          @BaseOS         
dbus-common.noarch                  1:1.12.8-14.el8                          @BaseOS         
dbus-daemon.x86_64                  1:1.12.8-14.el8                          @BaseOS         
dbus-glib.x86_64                    0.110-2.el8                              @anaconda       
dbus-libs.x86_64                    1:1.12.8-14.el8                          @BaseOS         
dbus-tools.x86_64                   1:1.12.8-14.el8                          @BaseOS         
dejavu-fonts-common.noarch          2.35-7.el8                               @BaseOS         
dejavu-sans-mono-fonts.noarch       2.35-7.el8                               @BaseOS         
device-mapper.x86_64                8:1.02.177-10.el8                        @BaseOS         
device-mapper-libs.x86_64           8:1.02.177-10.el8                        @BaseOS         
dhcp-client.x86_64                  12:4.3.6-45.el8                          @BaseOS         
dhcp-common.noarch                  12:4.3.6-45.el8                          @BaseOS         
dhcp-libs.x86_64                    12:4.3.6-45.el8                          @BaseOS         
diffutils.x86_64                    3.6-6.el8                                @anaconda       
dmidecode.x86_64                    1:3.2-10.el8                             @BaseOS         
dnf.noarch                          4.7.0-4.el8                              @BaseOS         
dnf-data.noarch                     4.7.0-4.el8                              @BaseOS         
dnf-plugin-spacewalk.noarch         2.8.5-11.module_el8.1.0+211+ad6c0bc7     @koji-override-1
dnf-plugins-core.noarch             4.0.21-3.el8                             @BaseOS         
dracut.x86_64                       049-191.git20210920.el8                  @BaseOS         
dracut-config-generic.x86_64        049-191.git20210920.el8                  @BaseOS         
dracut-config-rescue.x86_64         049-191.git20210920.el8                  @BaseOS         
dracut-network.x86_64               049-191.git20210920.el8                  @BaseOS         
dracut-squash.x86_64                049-191.git20210920.el8                  @BaseOS         
e2fsprogs.x86_64                    1.45.6-2.el8                             @BaseOS         
e2fsprogs-libs.x86_64               1.45.6-2.el8                             @BaseOS         
elfutils-debuginfod-client.x86_64   0.185-1.el8                              @BaseOS         
elfutils-default-yama-scope.noarch  0.185-1.el8                              @BaseOS         
elfutils-libelf.x86_64              0.185-1.el8                              @BaseOS         
elfutils-libs.x86_64                0.185-1.el8                              @BaseOS         
emacs-filesystem.noarch             1:26.1-7.el8                             @baseos         
epel-release.noarch                 8-11.el8                                 @extras         
ethtool.x86_64                      2:5.8-7.el8                              @BaseOS         
expat.x86_64                        2.2.5-4.el8                              @BaseOS         
file.x86_64                         5.33-20.el8                              @BaseOS         
file-libs.x86_64                    5.33-20.el8                              @BaseOS         
filesystem.x86_64                   3.8-6.el8                                @BaseOS         
findutils.x86_64                    1:4.6.0-20.el8                           @anaconda       
fipscheck.x86_64                    1.5.0-4.el8                              @anaconda       
fipscheck-lib.x86_64                1.5.0-4.el8                              @anaconda       
fontconfig.x86_64                   2.13.1-4.el8                             @BaseOS         
fontpackages-filesystem.noarch      1.44-22.el8                              @anaconda       
freetype.x86_64                     2.9.1-4.el8_3.1                          @BaseOS         
fuse-libs.x86_64                    2.9.7-12.el8                             @anaconda       
gawk.x86_64                         4.2.1-2.el8                              @BaseOS         
gdbm.x86_64                         1:1.18-1.el8                             @anaconda       
gdbm-libs.x86_64                    1:1.18-1.el8                             @anaconda       
gdk-pixbuf2.x86_64                  2.36.12-5.el8                            @anaconda       
geolite2-city.noarch                20180605-1.el8                           @koji-override-1
geolite2-country.noarch             20180605-1.el8                           @koji-override-1
gettext.x86_64                      0.19.8.1-17.el8                          @anaconda       
gettext-libs.x86_64                 0.19.8.1-17.el8                          @anaconda       
git.x86_64                          2.27.0-1.el8                             @appstream      
git-core.x86_64                     2.27.0-1.el8                             @appstream      
git-core-doc.noarch                 2.27.0-1.el8                             @appstream      
glib-networking.x86_64              2.56.1-1.1.el8                           @anaconda       
glib2.x86_64                        2.56.4-156.el8                           @BaseOS         
glibc.x86_64                        2.28-164.el8                             @BaseOS         
glibc-all-langpacks.x86_64          2.28-164.el8                             @BaseOS         
glibc-common.x86_64                 2.28-164.el8                             @BaseOS         
gmp.x86_64                          1:6.1.2-10.el8                           @anaconda       
gnupg2.x86_64                       2.2.20-2.el8                             @BaseOS         
gnupg2-smime.x86_64                 2.2.20-2.el8                             @BaseOS         
gnutls.x86_64                       3.6.16-4.el8                             @BaseOS         
gobject-introspection.x86_64        1.56.1-1.el8                             @anaconda       
gpgme.x86_64                        1.13.1-9.el8                             @BaseOS         
gpm-libs.x86_64                     1.20.7-17.el8                            @appstream      
grep.x86_64                         3.1-6.el8                                @anaconda       
groff-base.x86_64                   1.22.3-18.el8                            @anaconda       
grub2-common.noarch                 1:2.02-106.el8                           @BaseOS         
grub2-pc.x86_64                     1:2.02-106.el8                           @BaseOS         
grub2-pc-modules.noarch             1:2.02-106.el8                           @BaseOS         
grub2-tools.x86_64                  1:2.02-106.el8                           @BaseOS         
grub2-tools-efi.x86_64              1:2.02-106.el8                           @BaseOS         
grub2-tools-extra.x86_64            1:2.02-106.el8                           @BaseOS         
grub2-tools-minimal.x86_64          1:2.02-106.el8                           @BaseOS         
grubby.x86_64                       8.40-42.el8                              @BaseOS         
gsettings-desktop-schemas.x86_64    3.32.0-6.el8                             @BaseOS         
gssproxy.x86_64                     0.8.0-19.el8                             @BaseOS         
gzip.x86_64                         1.9-12.el8                               @BaseOS         
hardlink.x86_64                     1:1.3-6.el8                              @anaconda       
hdparm.x86_64                       9.54-4.el8                               @BaseOS         
hostname.x86_64                     3.20-6.el8                               @anaconda       
httpd.x86_64                        2.4.37-43.module_el8.5.0+1022+b541f3b1   @appstream      
httpd-filesystem.noarch             2.4.37-43.module_el8.5.0+1022+b541f3b1   @appstream      
httpd-tools.x86_64                  2.4.37-43.module_el8.5.0+1022+b541f3b1   @appstream      
hwdata.noarch                       0.314-8.10.el8                           @BaseOS         
ima-evm-utils.x86_64                1.3.2-12.el8                             @BaseOS         
info.x86_64                         6.5-6.el8                                @anaconda       
initscripts.x86_64                  10.00.15-1.el8                           @BaseOS         
ipcalc.x86_64                       0.2.4-4.el8                              @anaconda       
iproute.x86_64                      5.12.0-4.el8                             @BaseOS         
iptables-libs.x86_64                1.8.4-20.el8                             @BaseOS         
iputils.x86_64                      20180629-7.el8                           @BaseOS         
irqbalance.x86_64                   2:1.4.0-6.el8                            @BaseOS         
jansson.x86_64                      2.11-3.el8                               @anaconda       
json-c.x86_64                       0.13.1-2.el8                             @BaseOS         
json-glib.x86_64                    1.4.4-1.el8                              @anaconda       
kbd.x86_64                          2.0.4-10.el8                             @BaseOS         
kbd-legacy.noarch                   2.0.4-10.el8                             @BaseOS         
kbd-misc.noarch                     2.0.4-10.el8                             @BaseOS         
kernel.x86_64                       4.18.0-193.6.3.el8_2                     @anaconda       
kernel.x86_64                       4.18.0-348.2.1.el8_5                     @BaseOS         
kernel-core.x86_64                  4.18.0-193.6.3.el8_2                     @anaconda       
kernel-core.x86_64                  4.18.0-348.2.1.el8_5                     @BaseOS         
kernel-modules.x86_64               4.18.0-193.6.3.el8_2                     @anaconda       
kernel-modules.x86_64               4.18.0-348.2.1.el8_5                     @BaseOS         
kernel-tools.x86_64                 4.18.0-348.2.1.el8_5                     @BaseOS         
kernel-tools-libs.x86_64            4.18.0-348.2.1.el8_5                     @BaseOS         
kexec-tools.x86_64                  2.0.20-57.el8                            @BaseOS         
keyutils.x86_64                     1.5.10-9.el8                             @BaseOS         
keyutils-libs.x86_64                1.5.10-9.el8                             @BaseOS         
kmod.x86_64                         25-18.el8                                @BaseOS         
kmod-libs.x86_64                    25-18.el8                                @BaseOS         
kpartx.x86_64                       0.8.4-17.el8                             @BaseOS         
krb5-libs.x86_64                    1.18.2-14.el8                            @BaseOS         
less.x86_64                         530-1.el8                                @anaconda       
libX11.x86_64                       1.6.8-5.el8                              @AppStream      
libX11-common.noarch                1.6.8-5.el8                              @AppStream      
libXau.x86_64                       1.0.9-3.el8                              @AppStream      
libXext.x86_64                      1.3.4-1.el8                              @AppStream      
libXrender.x86_64                   0.9.10-7.el8                             @koji-override-1
libacl.x86_64                       2.2.53-1.el8                             @anaconda       
libappstream-glib.x86_64            0.7.14-3.el8                             @anaconda       
libarchive.x86_64                   3.3.3-1.el8                              @BaseOS         
libassuan.x86_64                    2.5.1-3.el8                              @anaconda       
libattr.x86_64                      2.4.48-3.el8                             @anaconda       
libbasicobjects.x86_64              0.1.1-39.el8                             @anaconda       
libblkid.x86_64                     2.32.1-28.el8                            @BaseOS         
libbpf.x86_64                       0.4.0-1.el8                              @BaseOS         
libcap.x86_64                       2.26-5.el8                               @BaseOS         
libcap-ng.x86_64                    0.7.11-1.el8                             @BaseOS         
libcollection.x86_64                0.7.0-39.el8                             @anaconda       
libcom_err.x86_64                   1.45.6-2.el8                             @BaseOS         
libcomps.x86_64                     0.1.16-2.el8                             @BaseOS         
libcroco.x86_64                     0.6.12-4.el8_2.1                         @BaseOS         
libcurl.x86_64                      7.61.1-22.el8                            @BaseOS         
libdaemon.x86_64                    0.14-15.el8                              @anaconda       
libdb.x86_64                        5.3.28-42.el8_4                          @BaseOS         
libdb-utils.x86_64                  5.3.28-42.el8_4                          @BaseOS         
libdhash.x86_64                     0.5.0-39.el8                             @anaconda       
libdnf.x86_64                       0.63.0-3.el8                             @BaseOS         
libedit.x86_64                      3.1-23.20170329cvs.el8                   @anaconda       
libestr.x86_64                      0.1.10-1.el8                             @koji-override-1
libevent.x86_64                     2.1.8-5.el8                              @anaconda       
libfastjson.x86_64                  0.99.9-1.el8                             @AppStream      
libfdisk.x86_64                     2.32.1-28.el8                            @BaseOS         
libffi.x86_64                       3.1-22.el8                               @BaseOS         
libgcc.x86_64                       8.5.0-4.el8_5                            @BaseOS         
libgcrypt.x86_64                    1.8.5-6.el8                              @BaseOS         
libgomp.x86_64                      8.5.0-4.el8_5                            @BaseOS         
libgpg-error.x86_64                 1.31-1.el8                               @anaconda       
libgudev.x86_64                     232-4.el8                                @anaconda       
libibverbs.x86_64                   35.0-1.el8                               @BaseOS         
libidn2.x86_64                      2.2.0-1.el8                              @anaconda       
libini_config.x86_64                1.3.1-39.el8                             @anaconda       
libkcapi.x86_64                     1.2.0-2.el8                              @BaseOS         
libkcapi-hmaccalc.x86_64            1.2.0-2.el8                              @BaseOS         
libksba.x86_64                      1.3.5-7.el8                              @anaconda       
libldb.x86_64                       2.3.0-2.el8                              @BaseOS         
libmaxminddb.x86_64                 1.2.0-10.el8                             @AppStream      
libmetalink.x86_64                  0.1.3-7.el8                              @anaconda       
libmnl.x86_64                       1.0.4-6.el8                              @anaconda       
libmodman.x86_64                    2.0.1-17.el8                             @anaconda       
libmodulemd.x86_64                  2.13.0-1.el8                             @BaseOS         
libmodulemd1.x86_64                 1.8.16-0.2.13.0.1                        @BaseOS         
libmount.x86_64                     2.32.1-28.el8                            @BaseOS         
libndp.x86_64                       1.7-6.el8                                @BaseOS         
libnfsidmap.x86_64                  1:2.3.3-46.el8                           @BaseOS         
libnghttp2.x86_64                   1.33.0-3.el8_2.1                         @BaseOS         
libnl3.x86_64                       3.5.0-1.el8                              @anaconda       
libnl3-cli.x86_64                   3.5.0-1.el8                              @anaconda       
libnsl2.x86_64                      1.2.0-2.20180605git4a062cf.el8           @anaconda       
libpath_utils.x86_64                0.2.1-39.el8                             @anaconda       
libpcap.x86_64                      14:1.9.1-5.el8                           @BaseOS         
libpipeline.x86_64                  1.5.0-2.el8                              @anaconda       
libpng.x86_64                       2:1.6.34-5.el8                           @anaconda       
libproxy.x86_64                     0.4.15-5.2.el8                           @anaconda       
libpsl.x86_64                       0.20.2-6.el8                             @BaseOS         
libpwquality.x86_64                 1.4.4-3.el8                              @BaseOS         
libref_array.x86_64                 0.1.5-39.el8                             @anaconda       
librepo.x86_64                      1.14.0-2.el8                             @BaseOS         
libreport-filesystem.x86_64         2.9.5-15.el8                             @BaseOS         
libseccomp.x86_64                   2.5.1-1.el8                              @BaseOS         
libsecret.x86_64                    0.18.6-1.el8                             @anaconda       
libselinux.x86_64                   2.9-5.el8                                @BaseOS         
libselinux-utils.x86_64             2.9-5.el8                                @BaseOS         
libsemanage.x86_64                  2.9-6.el8                                @BaseOS         
libsepol.x86_64                     2.9-3.el8                                @BaseOS         
libsigsegv.x86_64                   2.11-5.el8                               @anaconda       
libsmartcols.x86_64                 2.32.1-28.el8                            @BaseOS         
libsodium.x86_64                    1.0.18-2.el8                             @epel           
libsolv.x86_64                      0.7.19-1.el8                             @BaseOS         
libsoup.x86_64                      2.62.3-2.el8                             @BaseOS         
libss.x86_64                        1.45.6-2.el8                             @BaseOS         
libssh.x86_64                       0.9.4-3.el8                              @BaseOS         
libssh-config.noarch                0.9.4-3.el8                              @BaseOS         
libsss_autofs.x86_64                2.5.2-2.el8_5.1                          @BaseOS         
libsss_certmap.x86_64               2.5.2-2.el8_5.1                          @BaseOS         
libsss_idmap.x86_64                 2.5.2-2.el8_5.1                          @BaseOS         
libsss_nss_idmap.x86_64             2.5.2-2.el8_5.1                          @BaseOS         
libsss_sudo.x86_64                  2.5.2-2.el8_5.1                          @BaseOS         
libstdc++.x86_64                    8.5.0-4.el8_5                            @BaseOS         
libstemmer.x86_64                   0-10.585svn.el8                          @anaconda       
libsysfs.x86_64                     2.1.0-24.el8                             @anaconda       
libtalloc.x86_64                    2.3.2-1.el8                              @BaseOS         
libtasn1.x86_64                     4.13-3.el8                               @anaconda       
libtdb.x86_64                       1.4.3-1.el8                              @BaseOS         
libteam.x86_64                      1.31-2.el8                               @BaseOS         
libtevent.x86_64                    0.11.0-0.el8                             @BaseOS         
libtirpc.x86_64                     1.1.4-5.el8                              @BaseOS         
libunistring.x86_64                 0.9.9-3.el8                              @anaconda       
libusbx.x86_64                      1.0.23-4.el8                             @BaseOS         
libuser.x86_64                      0.62-23.el8                              @anaconda       
libutempter.x86_64                  1.1.6-14.el8                             @anaconda       
libuuid.x86_64                      2.32.1-28.el8                            @BaseOS         
libverto.x86_64                     0.3.0-5.el8                              @anaconda       
libverto-libevent.x86_64            0.3.0-5.el8                              @anaconda       
libxcb.x86_64                       1.13.1-1.el8                             @koji-override-1
libxcrypt.x86_64                    4.1.1-6.el8                              @BaseOS         
libxkbcommon.x86_64                 0.9.1-1.el8                              @koji-override-1
libxml2.x86_64                      2.9.7-9.el8_4.2                          @BaseOS         
libyaml.x86_64                      0.1.7-5.el8                              @anaconda       
libzstd.x86_64                      1.4.4-1.el8                              @BaseOS         
linux-firmware.noarch               20210702-103.gitd79c2677.el8             @BaseOS         
lmdb-libs.x86_64                    0.9.24-1.el8                             @BaseOS         
logrotate.x86_64                    3.14.0-4.el8                             @BaseOS         
lshw.x86_64                         B.02.19.2-6.el8                          @BaseOS         
lsscsi.x86_64                       0.32-3.el8                               @BaseOS         
lua-libs.x86_64                     5.3.4-12.el8                             @BaseOS         
lz4-libs.x86_64                     1.8.3-3.el8_4                            @BaseOS         
lzo.x86_64                          2.08-14.el8                              @anaconda       
mailcap.noarch                      2.1.48-3.el8                             @baseos         
man-db.x86_64                       2.7.6.1-18.el8                           @BaseOS         
memstrack.x86_64                    0.1.11-1.el8                             @BaseOS         
microcode_ctl.x86_64                4:20210608-1.el8                         @BaseOS         
mod_http2.x86_64                    1.15.7-3.module_el8.4.0+778+c970deab     @appstream      
mozjs60.x86_64                      60.9.0-4.el8                             @anaconda       
mpfr.x86_64                         3.1.6-1.el8                              @anaconda       
ncurses.x86_64                      6.1-9.20180224.el8                       @BaseOS         
ncurses-base.noarch                 6.1-9.20180224.el8                       @BaseOS         
ncurses-libs.x86_64                 6.1-9.20180224.el8                       @BaseOS         
net-tools.x86_64                    2.0-0.52.20160912git.el8                 @BaseOS         
nettle.x86_64                       3.4.1-7.el8                              @BaseOS         
newt.x86_64                         0.52.20-11.el8                           @anaconda       
nfs-utils.x86_64                    1:2.3.3-46.el8                           @BaseOS         
npth.x86_64                         1.5-4.el8                                @anaconda       
numactl-libs.x86_64                 2.0.12-13.el8                            @BaseOS         
oddjob.x86_64                       0.34.7-1.el8                             @AppStream      
oddjob-mkhomedir.x86_64             0.34.7-1.el8                             @AppStream      
openldap.x86_64                     2.4.46-18.el8                            @BaseOS         
openssh.x86_64                      8.0p1-10.el8                             @BaseOS         
openssh-clients.x86_64              8.0p1-10.el8                             @BaseOS         
openssh-server.x86_64               8.0p1-10.el8                             @BaseOS         
openssl.x86_64                      1:1.1.1k-4.el8                           @BaseOS         
openssl-libs.x86_64                 1:1.1.1k-4.el8                           @BaseOS         
openssl-pkcs11.x86_64               0.4.10-2.el8                             @anaconda       
os-prober.x86_64                    1.74-9.el8                               @BaseOS         
p11-kit.x86_64                      0.23.22-1.el8                            @BaseOS         
p11-kit-trust.x86_64                0.23.22-1.el8                            @BaseOS         
pam.x86_64                          1.3.1-15.el8                             @BaseOS         
parted.x86_64                       3.2-39.el8                               @BaseOS         
passwd.x86_64                       0.80-3.el8                               @anaconda       
pciutils.x86_64                     3.7.0-1.el8                              @BaseOS         
pciutils-libs.x86_64                3.7.0-1.el8                              @BaseOS         
pcre.x86_64                         8.42-6.el8                               @BaseOS         
pcre2.x86_64                        10.32-2.el8                              @BaseOS         
perl-Carp.noarch                    1.42-396.el8                             @baseos         
perl-Data-Dumper.x86_64             2.167-399.el8                            @baseos         
perl-Digest.noarch                  1.17-395.el8                             @appstream      
perl-Digest-MD5.x86_64              2.55-396.el8                             @appstream      
perl-Encode.x86_64                  4:2.97-3.el8                             @baseos         
perl-Errno.x86_64                   1.28-420.el8                             @baseos         
perl-Error.noarch                   1:0.17025-2.el8                          @appstream      
perl-Exporter.noarch                5.72-396.el8                             @baseos         
perl-File-Path.noarch               2.15-2.el8                               @baseos         
perl-File-Temp.noarch               0.230.600-1.el8                          @baseos         
perl-Getopt-Long.noarch             1:2.50-4.el8                             @baseos         
perl-Git.noarch                     2.27.0-1.el8                             @appstream      
perl-HTTP-Tiny.noarch               0.074-1.el8                              @baseos         
perl-IO.x86_64                      1.38-420.el8                             @baseos         
perl-IO-Socket-IP.noarch            0.39-5.el8                               @appstream      
perl-IO-Socket-SSL.noarch           2.066-4.module_el8.3.0+410+ff426aa3      @appstream      
perl-MIME-Base64.x86_64             3.15-396.el8                             @baseos         
perl-Mozilla-CA.noarch              20160104-7.module_el8.3.0+416+dee7bcef   @appstream      
perl-Net-SSLeay.x86_64              1.88-1.module_el8.3.0+410+ff426aa3       @appstream      
perl-PathTools.x86_64               3.74-1.el8                               @baseos         
perl-Pod-Escapes.noarch             1:1.07-395.el8                           @baseos         
perl-Pod-Perldoc.noarch             3.28-396.el8                             @baseos         
perl-Pod-Simple.noarch              1:3.35-395.el8                           @baseos         
perl-Pod-Usage.noarch               4:1.69-395.el8                           @baseos         
perl-Scalar-List-Utils.x86_64       3:1.49-2.el8                             @baseos         
perl-Socket.x86_64                  4:2.027-3.el8                            @baseos         
perl-Storable.x86_64                1:3.11-3.el8                             @baseos         
perl-Term-ANSIColor.noarch          4.06-396.el8                             @baseos         
perl-Term-Cap.noarch                1.17-395.el8                             @baseos         
perl-TermReadKey.x86_64             2.37-7.el8                               @appstream      
perl-Text-ParseWords.noarch         3.30-395.el8                             @baseos         
perl-Text-Tabs+Wrap.noarch          2013.0523-395.el8                        @baseos         
perl-Time-Local.noarch              1:1.280-1.el8                            @baseos         
perl-URI.noarch                     1.73-3.el8                               @appstream      
perl-Unicode-Normalize.x86_64       1.25-396.el8                             @baseos         
perl-constant.noarch                1.33-396.el8                             @baseos         
perl-interpreter.x86_64             4:5.26.3-420.el8                         @baseos         
perl-libnet.noarch                  3.11-3.el8                               @appstream      
perl-libs.x86_64                    4:5.26.3-420.el8                         @baseos         
perl-macros.x86_64                  4:5.26.3-420.el8                         @baseos         
perl-parent.noarch                  1:0.237-1.el8                            @baseos         
perl-podlators.noarch               4.11-1.el8                               @baseos         
perl-threads.x86_64                 1:2.21-2.el8                             @baseos         
perl-threads-shared.x86_64          1.58-2.el8                               @baseos         
pigz.x86_64                         2.4-4.el8                                @anaconda       
pinentry.x86_64                     1.1.0-2.el8                              @koji-override-1
pixman.x86_64                       0.38.4-1.el8                             @koji-override-1
platform-python.x86_64              3.6.8-41.el8                             @BaseOS         
platform-python-pip.noarch          9.0.3-20.el8                             @BaseOS         
platform-python-setuptools.noarch   39.2.0-6.el8                             @BaseOS         
policycoreutils.x86_64              2.9-16.el8                               @BaseOS         
policycoreutils-python-utils.noarch 2.9-16.el8                               @BaseOS         
polkit.x86_64                       0.115-12.el8                             @BaseOS         
polkit-libs.x86_64                  0.115-12.el8                             @BaseOS         
polkit-pkla-compat.x86_64           0.1-12.el8                               @anaconda       
popt.x86_64                         1.18-1.el8                               @BaseOS         
prefixdevname.x86_64                0.1.0-6.el8                              @anaconda       
procps-ng.x86_64                    3.3.15-6.el8                             @BaseOS         
psmisc.x86_64                       23.1-5.el8                               @BaseOS         
publicsuffix-list-dafsa.noarch      20180723-1.el8                           @anaconda       
python3-asn1crypto.noarch           0.24.0-3.el8                             @anaconda       
python3-audit.x86_64                3.0-0.17.20191104git1c2f876.el8          @anaconda       
python3-babel.noarch                2.5.1-7.el8                              @AppStream      
python3-bcrypt.x86_64               3.1.6-2.el8.1                            @epel           
python3-cairo.x86_64                1.16.3-6.el8                             @koji-override-1
python3-cffi.x86_64                 1.11.5-5.el8                             @anaconda       
python3-chardet.noarch              3.0.4-7.el8                              @anaconda       
python3-configobj.noarch            5.0.6-11.el8                             @anaconda       
python3-cryptography.x86_64         3.2.1-5.el8                              @BaseOS         
python3-dateutil.noarch             1:2.6.1-6.el8                            @anaconda       
python3-dbus.x86_64                 1.2.4-15.el8                             @anaconda       
python3-decorator.noarch            4.2.1-2.el8                              @anaconda       
python3-dmidecode.x86_64            3.12.2-15.el8                            @anaconda       
python3-dnf.noarch                  4.7.0-4.el8                              @BaseOS         
python3-dnf-plugin-spacewalk.noarch 2.8.5-11.module_el8.1.0+211+ad6c0bc7     @koji-override-1
python3-dnf-plugins-core.noarch     4.0.21-3.el8                             @BaseOS         
python3-gobject.x86_64              3.28.3-2.el8                             @AppStream      
python3-gobject-base.x86_64         3.28.3-2.el8                             @BaseOS         
python3-gpg.x86_64                  1.13.1-9.el8                             @BaseOS         
python3-hawkey.x86_64               0.63.0-3.el8                             @BaseOS         
python3-hwdata.noarch               2.3.6-3.el8                              @koji-override-1
python3-idna.noarch                 2.5-5.el8                                @anaconda       
python3-jinja2.noarch               2.10.1-3.el8                             @AppStream      
python3-jmespath.noarch             0.9.0-11.el8                             @appstream      
python3-jsonpatch.noarch            1.21-2.el8                               @koji-override-1
python3-jsonpointer.noarch          1.10-11.el8                              @koji-override-1
python3-jsonschema.noarch           2.6.0-4.el8                              @koji-override-1
python3-jwt.noarch                  1.6.1-2.el8                              @anaconda       
python3-libcomps.x86_64             0.1.16-2.el8                             @BaseOS         
python3-libdnf.x86_64               0.63.0-3.el8                             @BaseOS         
python3-librepo.x86_64              1.14.0-2.el8                             @BaseOS         
python3-libs.x86_64                 3.6.8-41.el8                             @BaseOS         
python3-libselinux.x86_64           2.9-5.el8                                @BaseOS         
python3-libsemanage.x86_64          2.9-6.el8                                @BaseOS         
python3-libxml2.x86_64              2.9.7-9.el8_4.2                          @BaseOS         
python3-linux-procfs.noarch         0.6.3-1.el8                              @BaseOS         
python3-markupsafe.x86_64           0.23-19.el8                              @koji-override-1
python3-netifaces.x86_64            0.10.6-4.el8                             @koji-override-1
python3-newt.x86_64                 0.52.20-11.el8                           @koji-override-1
python3-oauthlib.noarch             2.1.0-1.el8                              @anaconda       
python3-paramiko.noarch             2.4.3-1.el8                              @epel           
python3-perf.x86_64                 4.18.0-348.2.1.el8_5                     @BaseOS         
python3-pexpect.noarch              4.3.1-3.el8                              @AppStream      
python3-pip.noarch                  9.0.3-20.el8                             @appstream      
python3-pip-wheel.noarch            9.0.3-20.el8                             @BaseOS         
python3-ply.noarch                  3.9-9.el8                                @BaseOS         
python3-policycoreutils.noarch      2.9-16.el8                               @BaseOS         
python3-prettytable.noarch          0.7.2-14.el8                             @koji-override-1
python3-ptyprocess.noarch           0.5.2-4.el8                              @AppStream      
python3-pyOpenSSL.noarch            19.0.0-1.el8                             @AppStream      
python3-pyasn1.noarch               0.3.7-6.el8                              @appstream      
python3-pycparser.noarch            2.14-14.el8                              @anaconda       
python3-pydbus.noarch               0.6.0-5.el8                              @AppStream      
python3-pynacl.x86_64               1.3.0-5.el8                              @epel           
python3-pyserial.noarch             3.1.1-8.el8                              @koji-override-1
python3-pysocks.noarch              1.6.8-3.el8                              @anaconda       
python3-pytz.noarch                 2017.2-9.el8                             @koji-override-1
python3-pyudev.noarch               0.21.0-7.el8                             @anaconda       
python3-pyyaml.x86_64               3.12-12.el8                              @anaconda       
python3-requests.noarch             2.20.0-2.1.el8_1                         @anaconda       
python3-rhn-client-tools.x86_64     2.8.16-13.module_el8.1.0+211+ad6c0bc7    @koji-override-1
python3-rhnlib.noarch               2.8.6-8.module_el8.1.0+211+ad6c0bc7      @koji-override-1
python3-rpm.x86_64                  4.14.3-19.el8                            @BaseOS         
python3-schedutils.x86_64           0.6-6.el8                                @anaconda       
python3-setools.x86_64              4.3.0-2.el8                              @BaseOS         
python3-setuptools.noarch           39.2.0-6.el8                             @baseos         
python3-setuptools-wheel.noarch     39.2.0-6.el8                             @BaseOS         
python3-six.noarch                  1.11.0-8.el8                             @anaconda       
python3-slip.noarch                 0.6.4-11.el8                             @anaconda       
python3-slip-dbus.noarch            0.6.4-11.el8                             @anaconda       
python3-syspurpose.x86_64           1.28.21-3.el8                            @BaseOS         
python3-systemd.x86_64              234-8.el8                                @koji-override-1
python3-unbound.x86_64              1.7.3-17.el8                             @AppStream      
python3-urllib3.noarch              1.24.2-5.el8                             @BaseOS         
python36.x86_64                     3.6.8-38.module_el8.5.0+895+a459eca8     @appstream      
qemu-guest-agent.x86_64             15:4.2.0-59.module_el8.5.0+1002+36725df2 @AppStream      
quota.x86_64                        1:4.04-14.el8                            @BaseOS         
quota-nls.noarch                    1:4.04-14.el8                            @BaseOS         
rdma-core.x86_64                    35.0-1.el8                               @BaseOS         
readline.x86_64                     7.0-10.el8                               @anaconda       
rhn-client-tools.x86_64             2.8.16-13.module_el8.1.0+211+ad6c0bc7    @koji-override-1
rng-tools.x86_64                    6.13-1.git.d207e0b6.el8                  @BaseOS         
rootfiles.noarch                    8.1-22.el8                               @anaconda       
rpcbind.x86_64                      1.2.5-8.el8                              @BaseOS         
rpm.x86_64                          4.14.3-19.el8                            @BaseOS         
rpm-build-libs.x86_64               4.14.3-19.el8                            @BaseOS         
rpm-libs.x86_64                     4.14.3-19.el8                            @BaseOS         
rpm-plugin-selinux.x86_64           4.14.3-19.el8                            @BaseOS         
rpm-plugin-systemd-inhibit.x86_64   4.14.3-19.el8                            @BaseOS         
rsync.x86_64                        3.1.3-12.el8                             @BaseOS         
rsyslog.x86_64                      8.2102.0-5.el8                           @AppStream      
sed.x86_64                          4.5-2.el8                                @BaseOS         
selinux-policy.noarch               3.14.3-80.el8                            @BaseOS         
selinux-policy-targeted.noarch      3.14.3-80.el8                            @BaseOS         
setroubleshoot-plugins.noarch       3.3.14-1.el8                             @AppStream      
setroubleshoot-server.x86_64        3.3.24-4.el8                             @AppStream      
setup.noarch                        2.12.2-6.el8                             @BaseOS         
sg3_utils.x86_64                    1.44-5.el8                               @anaconda       
sg3_utils-libs.x86_64               1.44-5.el8                               @anaconda       
shadow-utils.x86_64                 2:4.6-14.el8                             @BaseOS         
shared-mime-info.x86_64             1.9-3.el8                                @anaconda       
slang.x86_64                        2.3.2-3.el8                              @anaconda       
snappy.x86_64                       1.1.8-3.el8                              @BaseOS         
sos.noarch                          4.1-5.el8                                @BaseOS         
sqlite-libs.x86_64                  3.26.0-15.el8                            @BaseOS         
squashfs-tools.x86_64               4.3-20.el8                               @BaseOS         
sscg.x86_64                         2.3.3-14.el8                             @koji-override-1
sshpass.x86_64                      1.06-9.el8                               @epel           
sssd-client.x86_64                  2.5.2-2.el8_5.1                          @BaseOS         
sssd-common.x86_64                  2.5.2-2.el8_5.1                          @BaseOS         
sssd-kcm.x86_64                     2.5.2-2.el8_5.1                          @BaseOS         
sssd-nfs-idmap.x86_64               2.5.2-2.el8_5.1                          @BaseOS         
sudo.x86_64                         1.8.29-7.el8_4.1                         @BaseOS         
systemd.x86_64                      239-51.el8                               @BaseOS         
systemd-libs.x86_64                 239-51.el8                               @BaseOS         
systemd-pam.x86_64                  239-51.el8                               @BaseOS         
systemd-udev.x86_64                 239-51.el8                               @BaseOS         
tar.x86_64                          2:1.30-5.el8                             @BaseOS         
teamd.x86_64                        1.31-2.el8                               @BaseOS         
timedatex.x86_64                    0.5-3.el8                                @anaconda       
tpm2-tss.x86_64                     2.3.2-4.el8                              @BaseOS         
trousers.x86_64                     0.3.15-1.el8                             @BaseOS         
trousers-lib.x86_64                 0.3.15-1.el8                             @BaseOS         
tuned.noarch                        2.16.0-1.el8                             @BaseOS         
tzdata.noarch                       2021e-1.el8                              @BaseOS         
unbound-libs.x86_64                 1.7.3-17.el8                             @AppStream      
util-linux.x86_64                   2.32.1-28.el8                            @BaseOS         
vim-common.x86_64                   2:8.0.1763-16.el8                        @appstream      
vim-enhanced.x86_64                 2:8.0.1763-16.el8                        @appstream      
vim-filesystem.noarch               2:8.0.1763-16.el8                        @appstream      
vim-minimal.x86_64                  2:8.0.1763-16.el8                        @BaseOS         
virt-what.x86_64                    1.18-12.el8                              @BaseOS         
which.x86_64                        2.21-16.el8                              @BaseOS         
xfsprogs.x86_64                     5.0.0-9.el8                              @BaseOS         
xkeyboard-config.noarch             2.28-1.el8                               @koji-override-1
xz.x86_64                           5.2.4-3.el8                              @anaconda       
xz-libs.x86_64                      5.2.4-3.el8                              @anaconda       
yum.noarch                          4.7.0-4.el8                              @BaseOS         
yum-utils.noarch                    4.0.21-3.el8                             @BaseOS         
zlib.x86_64                         1.2.11-17.el8                            @BaseOS         
